2019-04-04 11:20:57.796000: AJRouter stopped
2019-04-04 11:20:57.797000: ALG stopped
2019-04-04 11:20:57.797000: AppIDSvc stopped
2019-04-04 11:20:57.797000: Appinfo running
2019-04-04 11:20:57.797000: AppMgmt stopped
2019-04-04 11:20:57.797000: AppReadiness stopped
2019-04-04 11:20:57.797000: AppVClient stopped
2019-04-04 11:20:57.797000: AppXSvc running
2019-04-04 11:20:57.797000: AssignedAccessManagerSvc stopped
2019-04-04 11:20:57.798000: aswbIDSAgent running
2019-04-04 11:20:57.798000: AudioEndpointBuilder running
2019-04-04 11:20:57.798000: Audiosrv running
2019-04-04 11:20:57.798000: avast! Antivirus running
2019-04-04 11:20:57.798000: AvastWscReporter stopped
2019-04-04 11:20:57.798000: AxInstSV stopped
2019-04-04 11:20:57.798000: BDESVC stopped
2019-04-04 11:20:57.799000: BEService stopped
2019-04-04 11:20:57.799000: BFE running
2019-04-04 11:20:57.799000: BITS stopped
2019-04-04 11:20:57.799000: BrokerInfrastructure running
2019-04-04 11:20:57.799000: Browser stopped
2019-04-04 11:20:57.799000: BTAGService stopped
2019-04-04 11:20:57.799000: BthAvctpSvc running
2019-04-04 11:20:57.800000: bthserv stopped
2019-04-04 11:20:57.800000: camsvc running
2019-04-04 11:20:57.800000: CDPSvc running
2019-04-04 11:20:57.800000: CertPropSvc running
2019-04-04 11:20:57.800000: ClipSVC running
2019-04-04 11:20:57.800000: COMSysApp stopped
2019-04-04 11:20:57.800000: CoreMessagingRegistrar running
2019-04-04 11:20:57.800000: cphs stopped
2019-04-04 11:20:57.801000: cplspcon running
2019-04-04 11:20:57.801000: CryptSvc running
2019-04-04 11:20:57.801000: CscService stopped
2019-04-04 11:20:57.801000: DcomLaunch running
2019-04-04 11:20:57.801000: defragsvc stopped
2019-04-04 11:20:57.801000: DeviceAssociationService running
2019-04-04 11:20:57.801000: DeviceInstall stopped
2019-04-04 11:20:57.802000: DevQueryBroker stopped
2019-04-04 11:20:57.802000: Dhcp running
2019-04-04 11:20:57.802000: diagnosticshub.standardcollector.service stopped
2019-04-04 11:20:57.802000: diagsvc stopped
2019-04-04 11:20:57.802000: DiagTrack running
2019-04-04 11:20:57.802000: DmEnrollmentSvc stopped
2019-04-04 11:20:57.802000: dmwappushservice stopped
2019-04-04 11:20:57.803000: Dnscache running
2019-04-04 11:20:57.803000: DoSvc running
2019-04-04 11:20:57.803000: dot3svc stopped
2019-04-04 11:20:57.803000: DPS running
2019-04-04 11:20:57.803000: DSAService running
2019-04-04 11:20:57.803000: DSAUpdateService running
2019-04-04 11:20:57.803000: DsmSvc stopped
2019-04-04 11:20:57.804000: DsSvc stopped
2019-04-04 11:20:57.804000: DusmSvc running
2019-04-04 11:20:57.804000: Eaphost stopped
2019-04-04 11:20:57.804000: EasyAntiCheat stopped
2019-04-04 11:20:57.804000: EFS stopped
2019-04-04 11:20:57.804000: embeddedmode stopped
2019-04-04 11:20:57.804000: EntAppSvc stopped
2019-04-04 11:20:57.804000: EventLog running
2019-04-04 11:20:57.805000: EventSystem running
2019-04-04 11:20:57.805000: Fax stopped
2019-04-04 11:20:57.805000: fdPHost stopped
2019-04-04 11:20:57.805000: FDResPub stopped
2019-04-04 11:20:57.805000: fhsvc stopped
2019-04-04 11:20:57.805000: FontCache running
2019-04-04 11:20:57.805000: FontCache3.0.0.0 running
2019-04-04 11:20:57.806000: FrameServer stopped
2019-04-04 11:20:57.806000: gpsvc stopped
2019-04-04 11:20:57.806000: GraphicsPerfSvc stopped
2019-04-04 11:20:57.806000: hidserv stopped
2019-04-04 11:20:57.806000: HvHost stopped
2019-04-04 11:20:57.806000: icssvc stopped
2019-04-04 11:20:57.807000: igfxCUIService2.0.0.0 stopped
2019-04-04 11:20:57.807000: IKEEXT stopped
2019-04-04 11:20:57.807000: InstallService stopped
2019-04-04 11:20:57.807000: Intel(R) SUR QC SAM stopped
2019-04-04 11:20:57.807000: iphlpsvc running
2019-04-04 11:20:57.807000: IpxlatCfgSvc stopped
2019-04-04 11:20:57.808000: irmon stopped
2019-04-04 11:20:57.808000: KeyIso running
2019-04-04 11:20:57.808000: KtmRm stopped
2019-04-04 11:20:57.808000: LanmanServer running
2019-04-04 11:20:57.808000: LanmanWorkstation running
2019-04-04 11:20:57.808000: lfsvc running
2019-04-04 11:20:57.808000: LicenseManager running
2019-04-04 11:20:57.809000: lltdsvc stopped
2019-04-04 11:20:57.809000: lmhosts running
2019-04-04 11:20:57.809000: LSM running
2019-04-04 11:20:57.809000: LxpSvc stopped
2019-04-04 11:20:57.809000: MapsBroker stopped
2019-04-04 11:20:57.809000: MozillaMaintenance stopped
2019-04-04 11:20:57.810000: mpssvc running
2019-04-04 11:20:57.810000: MSDTC stopped
2019-04-04 11:20:57.810000: MSiSCSI stopped
2019-04-04 11:20:57.810000: msiserver stopped
2019-04-04 11:20:57.810000: NaturalAuthentication stopped
2019-04-04 11:20:57.810000: NcaSvc stopped
2019-04-04 11:20:57.810000: NcbService running
2019-04-04 11:20:57.811000: NcdAutoSetup stopped
2019-04-04 11:20:57.811000: Netlogon stopped
2019-04-04 11:20:57.811000: Netman stopped
2019-04-04 11:20:57.811000: netprofm running
2019-04-04 11:20:57.811000: NetSetupSvc stopped
2019-04-04 11:20:57.811000: NetTcpPortSharing stopped
2019-04-04 11:20:57.811000: NgcCtnrSvc stopped
2019-04-04 11:20:57.812000: NgcSvc stopped
2019-04-04 11:20:57.812000: NlaSvc running
2019-04-04 11:20:57.812000: nsi running
2019-04-04 11:20:57.812000: NvContainerLocalSystem running
2019-04-04 11:20:57.812000: NvContainerNetworkService stopped
2019-04-04 11:20:57.812000: NVDisplay.ContainerLocalSystem running
2019-04-04 11:20:57.812000: NvTelemetryContainer running
2019-04-04 11:20:57.813000: OverwolfUpdater stopped
2019-04-04 11:20:57.813000: p2pimsvc stopped
2019-04-04 11:20:57.813000: p2psvc stopped
2019-04-04 11:20:57.813000: PcaSvc running
2019-04-04 11:20:57.813000: PeerDistSvc stopped
2019-04-04 11:20:57.813000: PerfHost stopped
2019-04-04 11:20:57.813000: PhoneSvc stopped
2019-04-04 11:20:57.814000: pla stopped
2019-04-04 11:20:57.814000: PlugPlay running
2019-04-04 11:20:57.814000: PNRPAutoReg stopped
2019-04-04 11:20:57.814000: PNRPsvc stopped
2019-04-04 11:20:57.814000: PolicyAgent stopped
2019-04-04 11:20:57.814000: Power running
2019-04-04 11:20:57.814000: PrintNotify stopped
2019-04-04 11:20:57.815000: ProfSvc running
2019-04-04 11:20:57.815000: PushToInstall stopped
2019-04-04 11:20:57.815000: QWAVE stopped
2019-04-04 11:20:57.815000: RasAuto stopped
2019-04-04 11:20:57.815000: RasMan running
2019-04-04 11:20:57.815000: RemoteAccess stopped
2019-04-04 11:20:57.815000: RemoteRegistry stopped
2019-04-04 11:20:57.816000: RetailDemo stopped
2019-04-04 11:20:57.816000: RmSvc stopped
2019-04-04 11:20:57.816000: rpcapd stopped
2019-04-04 11:20:57.816000: RpcEptMapper running
2019-04-04 11:20:57.816000: RpcLocator stopped
2019-04-04 11:20:57.816000: RpcSs running
2019-04-04 11:20:57.816000: SamSs running
2019-04-04 11:20:57.817000: SCardSvr stopped
2019-04-04 11:20:57.817000: ScDeviceEnum stopped
2019-04-04 11:20:57.817000: Schedule running
2019-04-04 11:20:57.817000: SCPolicySvc stopped
2019-04-04 11:20:57.817000: SDRSVC stopped
2019-04-04 11:20:57.817000: seclogon stopped
2019-04-04 11:20:57.817000: SecurityHealthService running
2019-04-04 11:20:57.818000: sedsvc running
2019-04-04 11:20:57.818000: SEMgrSvc running
2019-04-04 11:20:57.818000: SENS running
2019-04-04 11:20:57.818000: Sense stopped
2019-04-04 11:20:57.818000: SensorDataService stopped
2019-04-04 11:20:57.818000: SensorService stopped
2019-04-04 11:20:57.818000: SensrSvc stopped
2019-04-04 11:20:57.819000: SessionEnv stopped
2019-04-04 11:20:57.819000: SgrmBroker running
2019-04-04 11:20:57.819000: SharedAccess stopped
2019-04-04 11:20:57.819000: SharedRealitySvc stopped
2019-04-04 11:20:57.819000: ShellHWDetection running
2019-04-04 11:20:57.819000: shpamsvc stopped
2019-04-04 11:20:57.820000: smphost stopped
2019-04-04 11:20:57.820000: SmsRouter stopped
2019-04-04 11:20:57.820000: SNMPTRAP stopped
2019-04-04 11:20:57.820000: spectrum stopped
2019-04-04 11:20:57.820000: Spooler running
2019-04-04 11:20:57.820000: sppsvc stopped
2019-04-04 11:20:57.820000: SSDPSRV running
2019-04-04 11:20:57.821000: ssh-agent stopped
2019-04-04 11:20:57.821000: SstpSvc running
2019-04-04 11:20:57.821000: StateRepository running
2019-04-04 11:20:57.821000: Steam Client Service running
2019-04-04 11:20:57.821000: stisvc stopped
2019-04-04 11:20:57.821000: StorSvc running
2019-04-04 11:20:57.822000: svsvc stopped
2019-04-04 11:20:57.822000: swprv stopped
